<?xml version="1.0" encoding="UTF-8"?>
<!-- Generated by org.testng.reporters.JUnitReportReporter -->
<testsuite hostname="DESKTOP-5NEEPGF" failures="0" tests="1" name="Script.Drop" time="15.634" errors="0" timestamp="2024-11-14T11:20:26 IST" skipped="0">
  <testcase classname="Script.Drop" name="test" time="15.634"/>
  <system-out/>
</testsuite> <!-- Script.Drop -->
