<?xml version="1.0" encoding="UTF-8"?>
<!-- Generated by org.testng.reporters.JUnitReportReporter -->
<testsuite hostname="DESKTOP-5NEEPGF" failures="0" tests="1" name="Generic.BaseUtilty" time="15.342" errors="0" timestamp="2024-11-10T23:05:59 IST" skipped="0">
  <testcase classname="Generic.BaseUtilty" name="test" time="15.342"/>
  <system-out/>
</testsuite> <!-- Generic.BaseUtilty -->
